                              1 ;--------------------------------------------------------
                              2 ; File Created by SDCC : FreeWare ANSI-C Compiler
                              3 ; Version 2.3.1 Mon Apr 22 10:18:30 2019
                              4 
                              5 ;--------------------------------------------------------
                              6 	.module lcc843400
                              7 	
                              8 ;--------------------------------------------------------
                              9 ; Public variables in this module
                             10 ;--------------------------------------------------------
                             11 	.globl _main
                             12 ;--------------------------------------------------------
                             13 ; special function registers
                             14 ;--------------------------------------------------------
                             15 ;--------------------------------------------------------
                             16 ; special function bits 
                             17 ;--------------------------------------------------------
                             18 ;--------------------------------------------------------
                             19 ; internal ram data
                             20 ;--------------------------------------------------------
                             21 	.area _DATA
                             22 ;--------------------------------------------------------
                             23 ; overlayable items in internal ram 
                             24 ;--------------------------------------------------------
                             25 	.area _OVERLAY
                             26 ;--------------------------------------------------------
                             27 ; indirectly addressable internal ram data
                             28 ;--------------------------------------------------------
                             29 	.area _ISEG
                             30 ;--------------------------------------------------------
                             31 ; bit data
                             32 ;--------------------------------------------------------
                             33 	.area _BSEG
                             34 ;--------------------------------------------------------
                             35 ; external ram data
                             36 ;--------------------------------------------------------
                             37 	.area _XSEG
                             38 ;--------------------------------------------------------
                             39 ; global & static initialisations
                             40 ;--------------------------------------------------------
                             41 	.area _GSINIT
                             42 	.area _GSFINAL
                             43 	.area _GSINIT
                             44 ;--------------------------------------------------------
                             45 ; Home
                             46 ;--------------------------------------------------------
                             47 	.area _HOME
                             48 	.area _CODE
                             49 ;--------------------------------------------------------
                             50 ; code
                             51 ;--------------------------------------------------------
                             52 	.area _CODE
                             53 ;	main.c 4
                             54 ;	genLabel
                             55 ;	genFunction
                             56 ;	---------------------------------
                             57 ; Function main
                             58 ; ---------------------------------
   0000                      59 ___main_start:
   0000                      60 _main:
                             61 	
                             62 ;	main.c 8
                             63 ;	genAssign
   0000 01 26 FF             64 	ld	bc,#0xFF26
                             65 ;	genAssign (pointer)
   0003 3E 80                66 	ld	a,#0x80
   0005 02                   67 	ld	(bc),a
                             68 ;	main.c 9
                             69 ;	genAssign
   0006 01 24 FF             70 	ld	bc,#0xFF24
                             71 ;	genAssign (pointer)
   0009 3E 77                72 	ld	a,#0x77
   000B 02                   73 	ld	(bc),a
                             74 ;	main.c 10
                             75 ;	genAssign
   000C 01 25 FF             76 	ld	bc,#0xFF25
                             77 ;	genAssign (pointer)
   000F 3E FF                78 	ld	a,#0xFF
   0011 02                   79 	ld	(bc),a
                             80 ;	main.c 11
                             81 ;	genLabel
   0012                      82 00104$:
                             83 ;	main.c 12
                             84 ;	genCall
                             85 ; _saveRegsForCall: sendSetSize: 0 deInUse: 0 bcInUse: 0 deSending: 0
   0012 CD 00 00             86 	call	_joypad
   0015 4B                   87 	ld	c,e
                             88 ;	genAssign
   0016 79                   89 	ld	a,c
                             90 ;	main.c 14
                             91 ;	genIfx
   0017 B7                   92 	or	a,a
   0018 CA 12 00             93 	jp	z,00104$
                             94 ;	main.c 22
                             95 ;	genAssign
   001B 01 10 FF             96 	ld	bc,#0xFF10
                             97 ;	genAssign (pointer)
   001E 3E 16                98 	ld	a,#0x16
   0020 02                   99 	ld	(bc),a
                            100 ;	main.c 29
                            101 ;	genAssign
   0021 01 11 FF            102 	ld	bc,#0xFF11
                            103 ;	genAssign (pointer)
   0024 3E 80               104 	ld	a,#0x80
   0026 02                  105 	ld	(bc),a
                            106 ;	main.c 38
                            107 ;	genAssign
   0027 01 12 FF            108 	ld	bc,#0xFF12
                            109 ;	genAssign (pointer)
   002A 3E 73               110 	ld	a,#0x73
   002C 02                  111 	ld	(bc),a
                            112 ;	main.c 43
                            113 ;	genAssign
   002D 01 13 FF            114 	ld	bc,#0xFF13
                            115 ;	genAssign (pointer)
   0030 3E 80               116 	ld	a,#0x80
   0032 02                  117 	ld	(bc),a
                            118 ;	main.c 52
                            119 ;	genAssign
   0033 01 14 FF            120 	ld	bc,#0xFF14
                            121 ;	genAssign (pointer)
   0036 3E C4               122 	ld	a,#0xC4
   0038 02                  123 	ld	(bc),a
                            124 ;	main.c 54
                            125 ;	genIpush
                            126 ; _saveRegsForCall: sendSetSize: 0 deInUse: 0 bcInUse: 0 deSending: 0
   0039 21 E8 03            127 	ld	hl,#0x03E8
   003C E5                  128 	push	hl
                            129 ;	genCall
   003D CD 00 00            130 	call	_delay
   0040 E8 02               131 	lda	sp,2(sp)
                            132 ;	genGoto
   0042 C3 12 00            133 	jp	00104$
                            134 ;	genLabel
   0045                     135 00106$:
                            136 ;	genEndFunction
                            137 	
   0045 C9                  138 	ret
   0046                     139 ___main_end:
                            140 	.area _CODE
ASxxxx Assembler V01.75  (GameBoy Z80-like CPU), page 1.

Symbol Table

  0 ___main_end                        0046 R
  0 ___main_start                      0000 R
    _delay                             **** GX
    _joypad                            **** GX
  0 _main                              0000 GR

ASxxxx Assembler V01.75  (GameBoy Z80-like CPU), page 2.

Area Table

   0 _CODE                              size   46   flags 0
   1 _DATA                              size    0   flags 0
   2 _OVERLAY                           size    0   flags 0
   3 _ISEG                              size    0   flags 0
   4 _BSEG                              size    0   flags 0
   5 _XSEG                              size    0   flags 0
   6 _GSINIT                            size    0   flags 0
   7 _GSFINAL                           size    0   flags 0
   8 _HOME                              size    0   flags 0
