                              1 ;--------------------------------------------------------
                              2 ; File Created by SDCC : FreeWare ANSI-C Compiler
                              3 ; Version 2.3.1 Sun Apr 21 12:17:56 2019
                              4 
                              5 ;--------------------------------------------------------
                              6 	.module lcc808800
                              7 	
                              8 ;--------------------------------------------------------
                              9 ; Public variables in this module
                             10 ;--------------------------------------------------------
                             11 	.globl _main
                             12 	.globl _birb
                             13 	.globl _background
                             14 	.globl _backgroundTiles
                             15 ;--------------------------------------------------------
                             16 ; special function registers
                             17 ;--------------------------------------------------------
                             18 ;--------------------------------------------------------
                             19 ; special function bits 
                             20 ;--------------------------------------------------------
                             21 ;--------------------------------------------------------
                             22 ; internal ram data
                             23 ;--------------------------------------------------------
                             24 	.area _DATA
   0000                      25 _backgroundTiles::
   0000                      26 	.ds 256
   0100                      27 _background::
   0100                      28 	.ds 720
   03D0                      29 _birb::
   03D0                      30 	.ds 32
                             31 ;--------------------------------------------------------
                             32 ; overlayable items in internal ram 
                             33 ;--------------------------------------------------------
                             34 	.area _OVERLAY
                             35 ;--------------------------------------------------------
                             36 ; indirectly addressable internal ram data
                             37 ;--------------------------------------------------------
                             38 	.area _ISEG
                             39 ;--------------------------------------------------------
                             40 ; bit data
                             41 ;--------------------------------------------------------
                             42 	.area _BSEG
                             43 ;--------------------------------------------------------
                             44 ; external ram data
                             45 ;--------------------------------------------------------
                             46 	.area _XSEG
                             47 ;--------------------------------------------------------
                             48 ; global & static initialisations
                             49 ;--------------------------------------------------------
                             50 	.area _GSINIT
                             51 	.area _GSFINAL
                             52 	.area _GSINIT
                             53 ;	main.c 26
                             54 ;	main.c 47
                             55 ;	genArrayInit
                             56 ; _saveRegsForCall: sendSetSize: 0 deInUse: 0 bcInUse: 0 deSending: 0
   0000 21 00 00             57 	ld	hl,#_backgroundTiles
   0003 CD 00 00             58 	call	__initrleblock
   0006 F0 00                59 	.db	-16,0x00
   0008 7F                   60 	.db	127
   0009 FF FF 80 80 80 80    61 	.db	0xFF, 0xFF, 0x80, 0x80, 0x80, 0x80, 0xBE, 0xBE
        BE BE
   0011 A2 A2 BE BE A2 A2    62 	.db	0xA2, 0xA2, 0xBE, 0xBE, 0xA2, 0xA2, 0xA2, 0xA2
        A2 A2
   0019 BE BE 80 80 80 80    63 	.db	0xBE, 0xBE, 0x80, 0x80, 0x80, 0x80, 0xBE, 0xBE
        BE BE
   0021 A2 A2 BE BE A2 A2    64 	.db	0xA2, 0xA2, 0xBE, 0xBE, 0xA2, 0xA2, 0xA2, 0xA2
        A2 A2
   0029 3E 3E 00 00 00 00    65 	.db	0x3E, 0x3E, 0x00, 0x00, 0x00, 0x00, 0x3E, 0x3E
        3E 3E
   0031 22 22 3E 3E 22 22    66 	.db	0x22, 0x22, 0x3E, 0x3E, 0x22, 0x22, 0x22, 0x22
        22 22
   0039 FF FF 01 01 01 01    67 	.db	0xFF, 0xFF, 0x01, 0x01, 0x01, 0x01, 0x3D, 0x3D
        3D 3D
   0041 25 25 3D 3D 25 25    68 	.db	0x25, 0x25, 0x3D, 0x3D, 0x25, 0x25, 0x25, 0x25
        25 25
   0049 3D 3D 01 01 01 01    69 	.db	0x3D, 0x3D, 0x01, 0x01, 0x01, 0x01, 0x3D, 0x3D
        3D 3D
   0051 25 25 3D 3D 25 25    70 	.db	0x25, 0x25, 0x3D, 0x3D, 0x25, 0x25, 0x25, 0x25
        25 25
   0059 FF FF FF 80 FF 80    71 	.db	0xFF, 0xFF, 0xFF, 0x80, 0xFF, 0x80, 0xFF, 0xBE
        FF BE
   0061 E3 A2 FF BE E3 A2    72 	.db	0xE3, 0xA2, 0xFF, 0xBE, 0xE3, 0xA2, 0xE3, 0xA2
        E3 A2
   0069 FF BE FF 80 FF 80    73 	.db	0xFF, 0xBE, 0xFF, 0x80, 0xFF, 0x80, 0xFF, 0xBE
        FF BE
   0071 E3 A2 FF BE E3 A2    74 	.db	0xE3, 0xA2, 0xFF, 0xBE, 0xE3, 0xA2, 0xE3, 0xA2
        E3 A2
   0079 FF 3E FF 00 FF 00    75 	.db	0xFF, 0x3E, 0xFF, 0x00, 0xFF, 0x00, 0xFF, 0x3E
        FF 3E
   0081 E3 22 FF 3E E3 22    76 	.db	0xE3, 0x22, 0xFF, 0x3E, 0xE3, 0x22, 0xE3
        E3
   0088 71                   77 	.db	113
   0089 22 FF FF FF 01 FF    78 	.db	0x22, 0xFF, 0xFF, 0xFF, 0x01, 0xFF, 0x01, 0xFF
        01 FF
   0091 3D E7 25 FF 3D E7    79 	.db	0x3D, 0xE7, 0x25, 0xFF, 0x3D, 0xE7, 0x25, 0xE7
        25 E7
   0099 25 FF 3D FF 01 FF    80 	.db	0x25, 0xFF, 0x3D, 0xFF, 0x01, 0xFF, 0x01, 0xFF
        01 FF
   00A1 3D E7 25 FF 3D E7    81 	.db	0x3D, 0xE7, 0x25, 0xFF, 0x3D, 0xE7, 0x25, 0xE7
        25 E7
   00A9 25 FF 3E FF 00 FF    82 	.db	0x25, 0xFF, 0x3E, 0xFF, 0x00, 0xFF, 0x00, 0xFF
        00 FF
   00B1 3E E3 22 FF 3E E3    83 	.db	0x3E, 0xE3, 0x22, 0xFF, 0x3E, 0xE3, 0x3E, 0xE3
        3E E3
   00B9 22 00 FF FF FF FF    84 	.db	0x22, 0x00, 0xFF, 0xFF, 0xFF, 0xFF, 0x00, 0xFF
        00 FF
   00C1 00 FF 00 FF 00 FF    85 	.db	0x00, 0xFF, 0x00, 0xFF, 0x00, 0xFF, 0x00, 0xFF
        00 FF
   00C9 00 FF 00 FF 00 FF    86 	.db	0x00, 0xFF, 0x00, 0xFF, 0x00, 0xFF, 0x00, 0xFF
        00 FF
   00D1 00 FF 00 FF 00 FF    87 	.db	0x00, 0xFF, 0x00, 0xFF, 0x00, 0xFF, 0x00, 0xFF
        00 FF
   00D9 00 FF FF 00 00 00    88 	.db	0x00, 0xFF, 0xFF, 0x00, 0x00, 0x00, 0x00, 0x3E
        00 3E
   00E1 3E 22 22 3E 3E 22    89 	.db	0x3E, 0x22, 0x22, 0x3E, 0x3E, 0x22, 0x22, 0x22
        22 22
   00E9 22 FF FF FF 00 FF    90 	.db	0x22, 0xFF, 0xFF, 0xFF, 0x00, 0xFF, 0x00, 0xFF
        00 FF
   00F1 3E E3 22 FF 3E E3    91 	.db	0x3E, 0xE3, 0x22, 0xFF, 0x3E, 0xE3, 0x22, 0xE3
        22 E3
   00F9 22                   92 	.db	0x22
   00FA 00                   93 	.db	0
                             94 ;	main.c 25
                             95 ;	main.c 47
                             96 ;	genArrayInit
                             97 ; _saveRegsForCall: sendSetSize: 0 deInUse: 0 bcInUse: 0 deSending: 0
   00FB 21 00 01             98 	ld	hl,#_background
   00FE CD 00 00             99 	call	__initrleblock
   0101 9C 00               100 	.db	-100,0x00
   0103 03                  101 	.db	3
   0104 01 0E 04            102 	.db	0x01, 0x0E, 0x04
   0107 EE 00               103 	.db	-18,0x00
   0109 05                  104 	.db	5
   010A 01 0E 0E 0E 04      105 	.db	0x01, 0x0E, 0x0E, 0x0E, 0x04
   010F F2 00               106 	.db	-14,0x00
   0111 03                  107 	.db	3
   0112 01 0E 04            108 	.db	0x01, 0x0E, 0x04
   0115 EE 00               109 	.db	-18,0x00
   0117 05                  110 	.db	5
   0118 02 03 03 03 05      111 	.db	0x02, 0x03, 0x03, 0x03, 0x05
   011D F2 00               112 	.db	-14,0x00
   011F 06                  113 	.db	6
   0120 01 0E 04 00 01 04   114 	.db	0x01, 0x0E, 0x04, 0x00, 0x01, 0x04
   0126 F1 00               115 	.db	-15,0x00
   0128 05                  116 	.db	5
   0129 02 03 03 03 05      117 	.db	0x02, 0x03, 0x03, 0x03, 0x05
   012E F3 00               118 	.db	-13,0x00
   0130 FB 06               119 	.db	-5,0x06
   0132 02                  120 	.db	2
   0133 02 05               121 	.db	0x02, 0x05
   0135 F1 00               122 	.db	-15,0x00
   0137 0A                  123 	.db	10
   0138 02 03 03 03 05 0F   124 	.db	0x02, 0x03, 0x03, 0x03, 0x05, 0x0F, 0x0F, 0x0F
        0F 0F
   0140 0F 09               125 	.db	0x0F, 0x09
   0142 F8 00               126 	.db	-8,0x00
   0144 FB 07               127 	.db	-5,0x07
   0146 02                  128 	.db	2
   0147 02 05               129 	.db	0x02, 0x05
   0149 F1 00               130 	.db	-15,0x00
   014B 0A                  131 	.db	10
   014C 02 03 03 03 05 08   132 	.db	0x02, 0x03, 0x03, 0x03, 0x05, 0x08, 0x08, 0x08
        08 08
   0154 08 0A               133 	.db	0x08, 0x0A
   0156 F8 00               134 	.db	-8,0x00
   0158 FB 07               135 	.db	-5,0x07
   015A 02                  136 	.db	2
   015B 02 05               137 	.db	0x02, 0x05
   015D F1 00               138 	.db	-15,0x00
   015F 0A                  139 	.db	10
   0160 02 03 03 03 05 08   140 	.db	0x02, 0x03, 0x03, 0x03, 0x05, 0x08, 0x0B, 0x08
        0B 08
   0168 08 0A               141 	.db	0x08, 0x0A
   016A F8 00               142 	.db	-8,0x00
   016C FB 07               143 	.db	-5,0x07
   016E 02                  144 	.db	2
   016F 02 05               145 	.db	0x02, 0x05
   0171 F1 00               146 	.db	-15,0x00
   0173 0A                  147 	.db	10
   0174 02 03 03 03 05 08   148 	.db	0x02, 0x03, 0x03, 0x03, 0x05, 0x08, 0x08, 0x08
        08 08
   017C 0B 0A               149 	.db	0x0B, 0x0A
   017E F8 00               150 	.db	-8,0x00
   0180 FB 07               151 	.db	-5,0x07
   0182 02                  152 	.db	2
   0183 02 05               153 	.db	0x02, 0x05
   0185 F1 00               154 	.db	-15,0x00
   0187 0A                  155 	.db	10
   0188 02 03 03 03 05 08   156 	.db	0x02, 0x03, 0x03, 0x03, 0x05, 0x08, 0x08, 0x08
        08 08
   0190 08 0A               157 	.db	0x08, 0x0A
   0192 F8 00               158 	.db	-8,0x00
   0194 FB 07               159 	.db	-5,0x07
   0196 07                  160 	.db	7
   0197 02 05 00 00 01 0E   161 	.db	0x02, 0x05, 0x00, 0x00, 0x01, 0x0E, 0x04
        04
   019E F6 00               162 	.db	-10,0x00
   01A0 0A                  163 	.db	10
   01A1 02 03 03 03 05 08   164 	.db	0x02, 0x03, 0x03, 0x03, 0x05, 0x08, 0x0B, 0x08
        0B 08
   01A9 08 0A               165 	.db	0x08, 0x0A
   01AB F8 00               166 	.db	-8,0x00
   01AD FB 07               167 	.db	-5,0x07
   01AF 07                  168 	.db	7
   01B0 02 05 00 00 02 03   169 	.db	0x02, 0x05, 0x00, 0x00, 0x02, 0x03, 0x05
        05
   01B7 F6 00               170 	.db	-10,0x00
   01B9 12                  171 	.db	18
   01BA 02 03 03 03 05 08   172 	.db	0x02, 0x03, 0x03, 0x03, 0x05, 0x08, 0x08, 0x08
        08 08
   01C2 0B 0A 00 00 00 01   173 	.db	0x0B, 0x0A, 0x00, 0x00, 0x00, 0x01, 0x04, 0x00
        04 00
   01CA 00 00               174 	.db	0x00, 0x00
   01CC FB 07               175 	.db	-5,0x07
   01CE 08                  176 	.db	8
   01CF 02 05 00 00 02 03   177 	.db	0x02, 0x05, 0x00, 0x00, 0x02, 0x03, 0x05, 0x09
        05 09
   01D7 F7 00               178 	.db	-9,0x00
   01D9 1F                  179 	.db	31
   01DA 02 03 03 03 05 08   180 	.db	0x02, 0x03, 0x03, 0x03, 0x05, 0x08, 0x0B, 0x08
        0B 08
   01E2 08 0A 00 00 00 02   181 	.db	0x08, 0x0A, 0x00, 0x00, 0x00, 0x02, 0x05, 0x0F
        05 0F
   01EA 0F 0E 0E 0F 0F 0E   182 	.db	0x0F, 0x0E, 0x0E, 0x0F, 0x0F, 0x0E, 0x04, 0x02
        04 02
   01F2 05 00 00 02 03 05   183 	.db	0x05, 0x00, 0x00, 0x02, 0x03, 0x05, 0x0A
        0A
   01F9 F7 00               184 	.db	-9,0x00
   01FB 1F                  185 	.db	31
   01FC 02 03 03 03 05 08   186 	.db	0x02, 0x03, 0x03, 0x03, 0x05, 0x08, 0x08, 0x08
        08 08
   0204 08 0A 00 00 00 02   187 	.db	0x08, 0x0A, 0x00, 0x00, 0x00, 0x02, 0x05, 0x0B
        05 0B
   020C 0B 03 03 0B 0B 03   188 	.db	0x0B, 0x03, 0x03, 0x0B, 0x0B, 0x03, 0x05, 0x02
        05 02
   0214 05 00 00 02 03 05   189 	.db	0x05, 0x00, 0x00, 0x02, 0x03, 0x05, 0x0A
        0A
   021B F8 00               190 	.db	-8,0x00
   021D D8 0C               191 	.db	-40,0x0C
   021F B0 0D               192 	.db	-80,0x0D
   0221 00                  193 	.db	0
                            194 ;	main.c 26
                            195 ;	main.c 47
                            196 ;	genArrayInit
                            197 ; _saveRegsForCall: sendSetSize: 0 deInUse: 0 bcInUse: 0 deSending: 0
   0222 21 D0 03            198 	ld	hl,#_birb
   0225 CD 00 00            199 	call	__initrleblock
   0228 20                  200 	.db	32
   0229 00 00 06 06 FB F9   201 	.db	0x00, 0x00, 0x06, 0x06, 0xFB, 0xF9, 0x8E, 0xF6
        8E F6
   0231 68 58 F0 F0 80 80   202 	.db	0x68, 0x58, 0xF0, 0xF0, 0x80, 0x80, 0x00, 0x00
        00 00
   0239 E0 E0 B6 F6 DB B9   203 	.db	0xE0, 0xE0, 0xB6, 0xF6, 0xDB, 0xB9, 0x4E, 0x76
        4E 76
   0241 78 48 F0 F0 80 80   204 	.db	0x78, 0x48, 0xF0, 0xF0, 0x80, 0x80, 0x00, 0x00
        00 00
   0249 00                  205 	.db	0
                            206 ;--------------------------------------------------------
                            207 ; Home
                            208 ;--------------------------------------------------------
                            209 	.area _HOME
                            210 	.area _CODE
                            211 ;--------------------------------------------------------
                            212 ; code
                            213 ;--------------------------------------------------------
                            214 	.area _CODE
                            215 ;	main.c 7
                            216 ;	genLabel
                            217 ;	genFunction
                            218 ;	---------------------------------
                            219 ; Function main
                            220 ; ---------------------------------
   0000                     221 ___main_start:
   0000                     222 _main:
   0000 E8 FA               223 	lda	sp,-6(sp)
                            224 ;	main.c 8
                            225 ;	genAssign
                            226 ;	AOP_STK for _main_spriteIndex_1_1
   0002 F8 05               227 	lda	hl,5(sp)
   0004 36 00               228 	ld	(hl),#0x00
                            229 ;	main.c 9
                            230 ;	genAssign
                            231 ;	AOP_STK for _main_birbX_1_1
   0006 2B                  232 	dec	hl
   0007 36 08               233 	ld	(hl),#0x08
                            234 ;	main.c 11
                            235 ;	genAssign
                            236 ;	AOP_STK for _main_count_1_1
   0009 2B                  237 	dec	hl
   000A 36 00               238 	ld	(hl),#0x00
                            239 ;	main.c 12
                            240 ;	genIpush
                            241 ; _saveRegsForCall: sendSetSize: 0 deInUse: 0 bcInUse: 0 deSending: 0
   000C 21 D0 03            242 	ld	hl,#_birb
   000F E5                  243 	push	hl
                            244 ;	genIpush
   0010 21 00 02            245 	ld	hl,#0x0200
   0013 E5                  246 	push	hl
                            247 ;	genCall
   0014 CD 00 00            248 	call	_set_sprite_data
   0017 E8 04               249 	lda	sp,4(sp)
                            250 ;	main.c 13
                            251 ;	genIpush
                            252 ; _saveRegsForCall: sendSetSize: 0 deInUse: 0 bcInUse: 0 deSending: 0
   0019 21 00 00            253 	ld	hl,#0x0000
   001C E5                  254 	push	hl
                            255 ;	genCall
   001D CD 00 00            256 	call	_set_sprite_tile
   0020 E8 02               257 	lda	sp,2(sp)
                            258 ;	main.c 14
                            259 ;	genIpush
                            260 ; _saveRegsForCall: sendSetSize: 0 deInUse: 0 bcInUse: 0 deSending: 0
   0022 21 08 23            261 	ld	hl,#0x2308
   0025 E5                  262 	push	hl
                            263 ;	genIpush
   0026 3E 00               264 	ld	a,#0x00
   0028 F5                  265 	push	af
   0029 33                  266 	inc	sp
                            267 ;	genCall
   002A CD 00 00            268 	call	_move_sprite
   002D E8 03               269 	lda	sp,3(sp)
                            270 ;	main.c 15
                            271 ;	genIpush
                            272 ; _saveRegsForCall: sendSetSize: 0 deInUse: 0 bcInUse: 0 deSending: 0
   002F 21 00 00            273 	ld	hl,#_backgroundTiles
   0032 E5                  274 	push	hl
                            275 ;	genIpush
   0033 21 00 10            276 	ld	hl,#0x1000
   0036 E5                  277 	push	hl
                            278 ;	genCall
   0037 CD 00 00            279 	call	_set_bkg_data
   003A E8 04               280 	lda	sp,4(sp)
                            281 ;	main.c 16
                            282 ;	genIpush
                            283 ; _saveRegsForCall: sendSetSize: 0 deInUse: 0 bcInUse: 0 deSending: 0
   003C 21 00 01            284 	ld	hl,#_background
   003F E5                  285 	push	hl
                            286 ;	genIpush
   0040 21 28 12            287 	ld	hl,#0x1228
   0043 E5                  288 	push	hl
                            289 ;	genIpush
   0044 21 00 00            290 	ld	hl,#0x0000
   0047 E5                  291 	push	hl
                            292 ;	genCall
   0048 CD 00 00            293 	call	_set_bkg_tiles
   004B E8 06               294 	lda	sp,6(sp)
                            295 ;	main.c 18
                            296 ;	genAssign
   004D 01 40 FF            297 	ld	bc,#0xFF40
                            298 ;	genAssign
                            299 ;	AOP_STK for _main_sloc0_1_0
   0050 F8 01               300 	lda	hl,1(sp)
   0052 36 40               301 	ld	(hl),#0x40
   0054 23                  302 	inc	hl
   0055 36 FF               303 	ld	(hl),#0xFF
                            304 ;	genPointerGet
                            305 ;	AOP_STK for _main_sloc0_1_0
                            306 ;	AOP_STK for _main_sloc1_1_0
   0057 2B                  307 	dec	hl
   0058 5E                  308 	ld	e,(hl)
   0059 23                  309 	inc	hl
   005A 56                  310 	ld	d,(hl)
   005B 1A                  311 	ld	a,(de)
   005C 2B                  312 	dec	hl
   005D 2B                  313 	dec	hl
                            314 ;	genOr
                            315 ;	AOP_STK for _main_sloc1_1_0
   005E 77                  316 	ld      (hl),a
                            317 ; Removed redundent load
   005F F6 01               318 	or	a,#0x01
                            319 ;	genAssign (pointer)
   0061 02                  320 	ld	(bc),a
                            321 ;	main.c 19
                            322 ;	genAssign
   0062 01 40 FF            323 	ld	bc,#0xFF40
                            324 ;	genAssign
                            325 ;	AOP_STK for _main_sloc0_1_0
   0065 23                  326 	inc	hl
   0066 36 40               327 	ld	(hl),#0x40
   0068 23                  328 	inc	hl
   0069 36 FF               329 	ld	(hl),#0xFF
                            330 ;	genPointerGet
                            331 ;	AOP_STK for _main_sloc0_1_0
                            332 ;	AOP_STK for _main_sloc1_1_0
   006B 2B                  333 	dec	hl
   006C 5E                  334 	ld	e,(hl)
   006D 23                  335 	inc	hl
   006E 56                  336 	ld	d,(hl)
   006F 1A                  337 	ld	a,(de)
   0070 2B                  338 	dec	hl
   0071 2B                  339 	dec	hl
                            340 ;	genOr
                            341 ;	AOP_STK for _main_sloc1_1_0
   0072 77                  342 	ld      (hl),a
                            343 ; Removed redundent load
   0073 F6 80               344 	or	a,#0x80
                            345 ;	genAssign (pointer)
   0075 02                  346 	ld	(bc),a
                            347 ;	main.c 21
                            348 ;	genAssign
   0076 01 40 FF            349 	ld	bc,#0xFF40
                            350 ;	genAssign
                            351 ;	AOP_STK for _main_sloc0_1_0
   0079 23                  352 	inc	hl
   007A 36 40               353 	ld	(hl),#0x40
   007C 23                  354 	inc	hl
   007D 36 FF               355 	ld	(hl),#0xFF
                            356 ;	genPointerGet
                            357 ;	AOP_STK for _main_sloc0_1_0
                            358 ;	AOP_STK for _main_sloc1_1_0
   007F 2B                  359 	dec	hl
   0080 5E                  360 	ld	e,(hl)
   0081 23                  361 	inc	hl
   0082 56                  362 	ld	d,(hl)
   0083 1A                  363 	ld	a,(de)
   0084 2B                  364 	dec	hl
   0085 2B                  365 	dec	hl
                            366 ;	genOr
                            367 ;	AOP_STK for _main_sloc1_1_0
   0086 77                  368 	ld      (hl),a
                            369 ; Removed redundent load
   0087 F6 02               370 	or	a,#0x02
                            371 ;	genAssign (pointer)
   0089 02                  372 	ld	(bc),a
                            373 ;	main.c 23
                            374 ;	genLabel
   008A                     375 00109$:
                            376 ;	main.c 24
                            377 ;	genIpush
                            378 ; _saveRegsForCall: sendSetSize: 0 deInUse: 0 bcInUse: 0 deSending: 0
   008A 21 01 00            379 	ld	hl,#0x0001
   008D E5                  380 	push	hl
                            381 ;	genCall
   008E CD 00 00            382 	call	_scroll_bkg
   0091 E8 02               383 	lda	sp,2(sp)
                            384 ;	main.c 25
                            385 ;	genIpush
                            386 ; _saveRegsForCall: sendSetSize: 0 deInUse: 0 bcInUse: 0 deSending: 0
   0093 21 64 00            387 	ld	hl,#0x0064
   0096 E5                  388 	push	hl
                            389 ;	genCall
   0097 CD 00 00            390 	call	_delay
   009A E8 02               391 	lda	sp,2(sp)
                            392 ;	main.c 27
                            393 ;	genCmpEq
                            394 ;	AOP_STK for _main_count_1_1
                            395 ; genCmpEq: left 1, right 1, result 0
   009C F8 03               396 	lda	hl,3(sp)
   009E 7E                  397 	ld	a,(hl)
   009F FE 02               398 	cp	a,#0x02
   00A1 C2 F5 00            399 	jp	nz,00107$
   00A4 18 03               400 	jr	00118$
   00A6                     401 00117$:
   00A6 C3 F5 00            402 	jp	00107$
   00A9                     403 00118$:
                            404 ;	main.c 28
                            405 ;	genCmpEq
                            406 ;	AOP_STK for _main_spriteIndex_1_1
                            407 ; genCmpEq: left 1, right 1, result 0
   00A9 F8 05               408 	lda	hl,5(sp)
   00AB 7E                  409 	ld	a,(hl)
   00AC B7                  410 	or	a,a
   00AD C2 BE 00            411 	jp	nz,00102$
   00B0 18 03               412 	jr	00120$
   00B2                     413 00119$:
   00B2 C3 BE 00            414 	jp	00102$
   00B5                     415 00120$:
                            416 ;	main.c 29
                            417 ;	genAssign
                            418 ;	AOP_STK for _main_spriteIndex_1_1
   00B5 F8 05               419 	lda	hl,5(sp)
   00B7 36 01               420 	ld	(hl),#0x01
                            421 ;	main.c 30
                            422 ;	genAssign
   00B9 0E 1E               423 	ld	c,#0x1E
                            424 ;	genGoto
   00BB C3 C4 00            425 	jp	00103$
                            426 ;	genLabel
   00BE                     427 00102$:
                            428 ;	main.c 32
                            429 ;	genAssign
                            430 ;	AOP_STK for _main_spriteIndex_1_1
   00BE F8 05               431 	lda	hl,5(sp)
   00C0 36 00               432 	ld	(hl),#0x00
                            433 ;	main.c 33
                            434 ;	genAssign
   00C2 0E 23               435 	ld	c,#0x23
                            436 ;	genLabel
   00C4                     437 00103$:
                            438 ;	main.c 35
                            439 ;	genPlus
                            440 ;	AOP_STK for _main_birbX_1_1
                            441 ;	genPlusIncr
                            442 ;	Can't optimise plus by inc, falling back to the normal way
   00C4 F8 04               443 	lda	hl,4(sp)
   00C6 7E                  444 	ld	a,(hl)
   00C7 C6 05               445 	add	a,#0x05
   00C9 77                  446 	ld	(hl),a
                            447 ;	main.c 36
                            448 ;	genIpush
                            449 ; _saveRegsForCall: sendSetSize: 0 deInUse: 0 bcInUse: 0 deSending: 0
   00CA 79                  450 	ld	a,c
   00CB F5                  451 	push	af
   00CC 33                  452 	inc	sp
                            453 ;	genIpush
                            454 ;	AOP_STK for _main_birbX_1_1
   00CD 7E                  455 	ld	a,(hl)
   00CE F5                  456 	push	af
   00CF 33                  457 	inc	sp
                            458 ;	genIpush
   00D0 3E 00               459 	ld	a,#0x00
   00D2 F5                  460 	push	af
   00D3 33                  461 	inc	sp
                            462 ;	genCall
   00D4 CD 00 00            463 	call	_move_sprite
   00D7 E8 03               464 	lda	sp,3(sp)
                            465 ;	main.c 37
                            466 ;	genIpush
                            467 ; _saveRegsForCall: sendSetSize: 0 deInUse: 0 bcInUse: 0 deSending: 0
                            468 ;	AOP_STK for _main_spriteIndex_1_1
   00D9 F8 05               469 	lda	hl,5(sp)
   00DB 7E                  470 	ld	a,(hl)
   00DC F5                  471 	push	af
   00DD 33                  472 	inc	sp
                            473 ;	genIpush
   00DE 3E 00               474 	ld	a,#0x00
   00E0 F5                  475 	push	af
   00E1 33                  476 	inc	sp
                            477 ;	genCall
   00E2 CD 00 00            478 	call	_set_sprite_tile
   00E5 E8 02               479 	lda	sp,2(sp)
                            480 ;	main.c 38
                            481 ;	genCmpGt
                            482 ;	AOP_STK for _main_birbX_1_1
   00E7 3E 96               483 	ld	a,#0x96
   00E9 F8 04               484 	lda	hl,4(sp)
   00EB 96                  485 	sub	a,(hl)
   00EC D2 F1 00            486 	jp	nc,00105$
                            487 ;	main.c 39
                            488 ;	genAssign
                            489 ;	AOP_STK for _main_birbX_1_1
   00EF 36 00               490 	ld	(hl),#0x00
                            491 ;	genLabel
   00F1                     492 00105$:
                            493 ;	main.c 41
                            494 ;	genAssign
                            495 ;	AOP_STK for _main_count_1_1
   00F1 F8 03               496 	lda	hl,3(sp)
   00F3 36 00               497 	ld	(hl),#0x00
                            498 ;	genLabel
   00F5                     499 00107$:
                            500 ;	main.c 43
                            501 ;	genPlus
                            502 ;	AOP_STK for _main_count_1_1
                            503 ;	genPlusIncr
   00F5 F8 03               504 	lda	hl,3(sp)
   00F7 34                  505 	inc	(hl)
                            506 ;	genGoto
   00F8 C3 8A 00            507 	jp	00109$
                            508 ;	genLabel
   00FB                     509 00111$:
                            510 ;	genEndFunction
   00FB E8 06               511 	lda	sp,6(sp)
   00FD C9                  512 	ret
   00FE                     513 ___main_end:
                            514 	.area _CODE
ASxxxx Assembler V01.75  (GameBoy Z80-like CPU), page 1.

Symbol Table

  0 ___main_end                        00FE R
  0 ___main_start                      0000 R
    __initrleblock                     **** GX
  1 _background                        0100 GR
  1 _backgroundTiles                   0000 GR
  1 _birb                              03D0 GR
    _delay                             **** GX
  0 _main                              0000 GR
    _move_sprite                       **** GX
    _scroll_bkg                        **** GX
    _set_bkg_data                      **** GX
    _set_bkg_tiles                     **** GX
    _set_sprite_data                   **** GX
    _set_sprite_tile                   **** GX

ASxxxx Assembler V01.75  (GameBoy Z80-like CPU), page 2.

Area Table

   0 _CODE                              size   FE   flags 0
   1 _DATA                              size  3F0   flags 0
   2 _OVERLAY                           size    0   flags 0
   3 _ISEG                              size    0   flags 0
   4 _BSEG                              size    0   flags 0
   5 _XSEG                              size    0   flags 0
   6 _GSINIT                            size  24A   flags 0
   7 _GSFINAL                           size    0   flags 0
   8 _HOME                              size    0   flags 0
